<?xml version="1.0" encoding="UTF-8"?>
<!-- Generated by org.testng.reporters.JUnitReportReporter -->
<testsuite hostname="UnderPC" failures="0" tests="1" name="Tests.bandymasTest" time="20.938" errors="0" timestamp="2022-12-01T00:07:04 EET" skipped="0">
  <testcase classname="Tests.bandymasTest" name="loginTest" time="20.938"/>
  <system-out/>
</testsuite> <!-- Tests.bandymasTest -->
