<?xml version="1.0" encoding="UTF-8"?>
<!-- Generated by org.testng.reporters.JUnitReportReporter -->
<testsuite hostname="UnderPC" failures="0" tests="5" name="Tests.tests" time="75.575" errors="0" timestamp="2022-12-02T12:37:36 EET" skipped="0">
  <testcase classname="Tests.tests" name="testRegPositive" time="25.213"/>
  <system-out/>
  <testcase classname="Tests.tests" name="testLoginPage" time="12.834"/>
  <system-out/>
  <testcase classname="Tests.tests" name="testLoginPageNeg" time="8.495"/>
  <system-out/>
  <testcase classname="Tests.tests" name="testLogOut" time="12.676"/>
  <system-out/>
  <testcase classname="Tests.tests" name="testRegNeg" time="16.357"/>
  <system-out/>
</testsuite> <!-- Tests.tests -->
